<?xml version="1.0" encoding="UTF-8"?>
<testng-results skipped="0" failed="0" ignored="0" total="1" passed="1">
  <reporter-output>
  </reporter-output>
  <suite name="Suite" duration-ms="61818" started-at="2020-12-12T15:52:01Z" finished-at="2020-12-12T15:53:03Z">
    <groups>
    </groups>
    <test name="Test" duration-ms="61818" started-at="2020-12-12T15:52:01Z" finished-at="2020-12-12T15:53:03Z">
      <class name="suite.Parameter">
        <test-method status="PASS" signature="positive(java.lang.String, java.lang.String, java.lang.String)[pri:0, instance:suite.Parameter@51931956]" name="positive" duration-ms="61780" started-at="2020-12-12T15:52:01Z" finished-at="2020-12-12T15:53:03Z">
          <params>
            <param index="0">
              <value>
                <![CDATA[https://www.magento.com]]>
              </value>
            </param>
            <param index="1">
              <value>
                <![CDATA[muneeswarik123@gmail.com]]>
              </value>
            </param>
            <param index="2">
              <value>
                <![CDATA[Shivashiva123]]>
              </value>
            </param>
          </params>
          <reporter-output>
          </reporter-output>
        </test-method> <!-- positive -->
      </class> <!-- suite.Parameter -->
    </test> <!-- Test -->
  </suite> <!-- Suite -->
</testng-results>
