<?xml version="1.0" encoding="UTF-8"?>
<testng-results skipped="0" failed="0" ignored="0" total="2" passed="2">
  <reporter-output>
  </reporter-output>
  <suite name="Default suite" duration-ms="75" started-at="2020-12-12T16:48:34Z" finished-at="2020-12-12T16:48:34Z">
    <groups>
    </groups>
    <test name="Default test" duration-ms="75" started-at="2020-12-12T16:48:34Z" finished-at="2020-12-12T16:48:34Z">
      <class name="suite.TestNG">
        <test-method status="PASS" signature="positive()[pri:0, instance:suite.TestNG@6b53e23f]" name="positive" duration-ms="17" started-at="2020-12-12T16:48:34Z" finished-at="2020-12-12T16:48:34Z">
          <reporter-output>
          </reporter-output>
        </test-method> <!-- positive -->
        <test-method status="PASS" signature="positive2()[pri:0, instance:suite.TestNG@6b53e23f]" name="positive2" duration-ms="0" started-at="2020-12-12T16:48:34Z" finished-at="2020-12-12T16:48:34Z">
          <reporter-output>
          </reporter-output>
        </test-method> <!-- positive2 -->
      </class> <!-- suite.TestNG -->
    </test> <!-- Default test -->
  </suite> <!-- Default suite -->
</testng-results>
